<?xml version="1.0" encoding="UTF-8"?>
<!-- Generated by org.testng.reporters.JUnitReportReporter -->
<testsuite skipped="0" hostname="797SHARE-TPL-NL" name="com.productapi.TestCases.TC001_Get_All_Products" tests="5" failures="0" timestamp="2020-10-07T16:38:16 IST" time="0.045" errors="0">
  <testcase name="checkStatusCode" time="0.002" classname="com.productapi.TestCases.TC001_Get_All_Products"/>
  <system-out/>
  <testcase name="checkContentType" time="0.003" classname="com.productapi.TestCases.TC001_Get_All_Products"/>
  <system-out/>
  <testcase name="checkContentEncoding" time="0.011" classname="com.productapi.TestCases.TC001_Get_All_Products"/>
  <system-out/>
  <testcase name="checkResponseTime" time="0.001" classname="com.productapi.TestCases.TC001_Get_All_Products"/>
  <system-out/>
  <testcase name="checkResponseBody" time="0.028" classname="com.productapi.TestCases.TC001_Get_All_Products"/>
  <system-out/>
</testsuite> <!-- com.productapi.TestCases.TC001_Get_All_Products -->
